<?xml version="1.0" encoding="UTF-8"?>
<!-- Generated by org.testng.reporters.JUnitReportReporter -->
<testsuite skipped="0" hostname="DESKTOP-C6SQIIN" name="testCases.ReadOneProduct$ReadAllProducts" tests="1" failures="0" timestamp="17 Apr 2022 14:51:38 GMT" time="2.243" errors="0">
  <testcase name="readOneProduct" time="2.243" classname="testCases.ReadOneProduct$ReadAllProducts"/>
</testsuite> <!-- testCases.ReadOneProduct$ReadAllProducts -->
