<?xml version="1.0" encoding="UTF-8"?>
<!-- Generated by org.testng.reporters.JUnitReportReporter -->
<testsuite skipped="0" hostname="DESKTOP-C6SQIIN" name="testCases.DeleteProduct" tests="4" failures="0" timestamp="18 Apr 2022 06:37:26 GMT" time="2.804" errors="0">
  <testcase name="createNewProduct" time="1.585" classname="testCases.DeleteProduct"/>
  <testcase name="readAllProducts" time="0.590" classname="testCases.DeleteProduct"/>
  <testcase name="deleteProduct" time="0.302" classname="testCases.DeleteProduct"/>
  <testcase name="readOneProduct" time="0.327" classname="testCases.DeleteProduct"/>
</testsuite> <!-- testCases.DeleteProduct -->
