<?xml version="1.0" encoding="UTF-8"?>
<!-- Generated by org.testng.reporters.JUnitReportReporter -->
<testsuite skipped="0" hostname="DESKTOP-C6SQIIN" name="testCases.ReadAllProducts" tests="1" failures="0" timestamp="17 Apr 2022 23:18:38 GMT" time="3.731" errors="0">
  <testcase name="readAllProducts" time="3.731" classname="testCases.ReadAllProducts"/>
</testsuite> <!-- testCases.ReadAllProducts -->
