<?xml version="1.0" encoding="UTF-8"?>
<!-- Generated by org.testng.reporters.JUnitReportReporter -->
<testsuite skipped="0" hostname="DESKTOP-C6SQIIN" name="testCases.CreateOneProduct" tests="3" failures="0" timestamp="18 Apr 2022 05:30:52 GMT" time="2.548" errors="0">
  <testcase name="createNewProduct" time="1.631" classname="testCases.CreateOneProduct"/>
  <testcase name="readAllProducts" time="0.590" classname="testCases.CreateOneProduct"/>
  <testcase name="readOneProduct" time="0.327" classname="testCases.CreateOneProduct"/>
</testsuite> <!-- testCases.CreateOneProduct -->
