<?xml version="1.0" encoding="UTF-8"?>
<!-- Generated by org.testng.reporters.JUnitReportReporter -->
<testsuite skipped="0" hostname="DESKTOP-C6SQIIN" name="testCases.UpdateProduct" tests="4" failures="0" timestamp="18 Apr 2022 06:07:30 GMT" time="2.820" errors="0">
  <testcase name="createNewProduct" time="1.650" classname="testCases.UpdateProduct"/>
  <testcase name="readAllProducts" time="0.567" classname="testCases.UpdateProduct"/>
  <testcase name="readOneProduct" time="0.315" classname="testCases.UpdateProduct"/>
  <testcase name="updateProduct" time="0.288" classname="testCases.UpdateProduct"/>
</testsuite> <!-- testCases.UpdateProduct -->
